{"level":"error","message":"POST /api/wallet/tx-history - Error: Error getting transactions: Cannot read properties of null (reading '_id')","timestamp":"2025-05-16T14:10:41.586Z"}
{"level":"error","message":"POST /api/wallet/tx-history - Error: Error getting transactions: Cannot read properties of null (reading '_id')","timestamp":"2025-05-16T15:59:45.417Z"}
{"level":"error","message":"POST /api/wallet/tx-history - Error: Error getting transactions: Cannot read properties of null (reading '_id')","timestamp":"2025-05-16T16:01:01.420Z"}
{"level":"error","message":"POST /api/wallet/tx-history - Error: Error getting transactions: Cannot read properties of null (reading '_id')","timestamp":"2025-05-16T16:07:04.735Z"}
{"level":"error","message":"POST /api/wallet/tx-history - Error: Error getting transactions: Cannot read properties of null (reading '_id')","timestamp":"2025-05-16T16:07:23.312Z"}
{"level":"error","message":"POST /api/wallet/tx-history - Error: Error getting transactions: Cannot read properties of null (reading '_id')","timestamp":"2025-05-16T16:09:37.416Z"}
{"level":"info","message":"POST /api/wallet/tx-history - Success","timestamp":"2025-05-16T16:11:06.298Z"}
{"level":"error","message":"POST /api/wallet/tx-history - Error: Error getting transactions: Cannot read properties of null (reading '_id')","timestamp":"2025-05-16T16:14:58.427Z"}
{"level":"info","message":"POST /api/wallet/tx-history - Success","timestamp":"2025-05-16T16:16:49.421Z"}
{"level":"info","message":"GET /api/user/details - Success","timestamp":"2025-05-16T16:18:12.987Z"}
{"level":"info","message":"GET /api/user/portfolio - Success","timestamp":"2025-05-16T16:18:13.825Z"}
{"level":"info","message":"POST /api/wallet/tx-history - Success","timestamp":"2025-05-16T16:18:14.192Z"}
{"level":"info","message":"GET /api/user/details - Success","timestamp":"2025-05-16T16:21:48.826Z"}
{"level":"info","message":"GET /api/user/portfolio - Success","timestamp":"2025-05-16T16:21:49.547Z"}
{"level":"info","message":"GET /api/user/details - Success","timestamp":"2025-05-16T16:22:05.450Z"}
{"level":"info","message":"GET /api/user/portfolio - Success","timestamp":"2025-05-16T16:22:05.890Z"}
{"level":"info","message":"GET /api/user/details - Success","timestamp":"2025-05-16T16:22:39.176Z"}
{"level":"info","message":"GET /api/user/portfolio - Success","timestamp":"2025-05-16T16:22:39.577Z"}
{"level":"info","message":"POST /api/wallet/send-funds - Success","timestamp":"2025-05-16T16:23:51.188Z"}
{"level":"info","message":"POST /api/wallet/tx-history - Success","timestamp":"2025-05-16T16:25:01.992Z"}
{"level":"info","message":"GET /api/user/details - Success","timestamp":"2025-05-16T16:25:27.182Z"}
{"level":"info","message":"GET /api/user/portfolio - Success","timestamp":"2025-05-16T16:25:27.836Z"}
{"level":"info","message":"GET /api/user/details - Success","timestamp":"2025-05-16T16:26:15.150Z"}
{"level":"info","message":"GET /api/user/portfolio - Success","timestamp":"2025-05-16T16:26:15.544Z"}
{"level":"info","message":"POST /api/v1/invoice/ - Success","timestamp":"2025-05-16T17:27:54.919Z"}
{"level":"info","message":"GET /api/user/details - Success","timestamp":"2025-05-16T21:02:23.238Z"}
{"level":"info","message":"GET /api/user/portfolio - Success","timestamp":"2025-05-16T21:02:25.090Z"}
{"level":"info","message":"GET /api/v1/invoice/ - Success","timestamp":"2025-05-16T21:02:54.154Z"}
{"level":"info","message":"GET /api/v1/recurring-invoice/ - Success","timestamp":"2025-05-16T21:02:54.232Z"}
{"level":"info","message":"GET /api/v1/invoice/ - Success","timestamp":"2025-05-16T21:02:54.306Z"}
{"level":"info","message":"GET /api/v1/invoice/ - Success","timestamp":"2025-05-16T21:02:54.375Z"}
{"level":"info","message":"GET /api/v1/recurring-invoice/ - Success","timestamp":"2025-05-16T21:02:54.406Z"}
{"level":"info","message":"GET /api/v1/invoice/ - Success","timestamp":"2025-05-16T21:02:54.797Z"}
{"level":"info","message":"GET /api/v1/recurring-invoice/ - Success","timestamp":"2025-05-16T21:03:41.093Z"}
{"level":"info","message":"GET /api/v1/invoice/ - Success","timestamp":"2025-05-16T21:03:41.126Z"}
{"level":"info","message":"GET /api/v1/invoice/ - Success","timestamp":"2025-05-16T21:03:41.270Z"}
{"level":"info","message":"GET /api/user/details - Success","timestamp":"2025-08-18T12:49:02.448Z"}
{"level":"info","message":"GET /api/user/portfolio - Success","timestamp":"2025-08-18T12:49:02.533Z"}
{"level":"info","message":"GET /api/user/portfolio - Success","timestamp":"2025-08-18T12:49:04.577Z"}
{"level":"info","message":"GET /api/user/details - Success","timestamp":"2025-08-18T12:49:04.596Z"}
{"level":"info","message":"GET /api/user/details - Success","timestamp":"2025-08-18T12:49:16.985Z"}
{"level":"info","message":"GET /api/user/portfolio - Success","timestamp":"2025-08-18T12:49:17.235Z"}
{"level":"info","message":"GET /api/user/details - Success","timestamp":"2025-08-18T12:49:22.614Z"}
{"level":"info","message":"GET /api/user/portfolio - Success","timestamp":"2025-08-18T12:49:22.861Z"}
{"level":"info","message":"POST /api/auth/login - Success","timestamp":"2025-08-18T12:49:37.725Z"}
{"level":"info","message":"GET /api/user/details - Success","timestamp":"2025-08-18T12:49:41.115Z"}
{"level":"info","message":"GET /api/user/portfolio - Success","timestamp":"2025-08-18T12:49:41.362Z"}
{"level":"info","message":"GET /api/user/details - Success","timestamp":"2025-08-18T12:56:49.837Z"}
{"level":"info","message":"GET /api/user/portfolio - Success","timestamp":"2025-08-18T12:56:50.388Z"}
{"level":"info","message":"GET /api/user/details - Success","timestamp":"2025-08-18T12:58:26.801Z"}
{"level":"info","message":"GET /api/user/portfolio - Success","timestamp":"2025-08-18T12:58:27.074Z"}
{"level":"info","message":"GET /api/user/portfolio - Success","timestamp":"2025-08-18T12:58:41.595Z"}
{"level":"info","message":"GET /api/user/details - Success","timestamp":"2025-08-18T12:58:41.742Z"}
{"level":"info","message":"GET /api/user/details - Success","timestamp":"2025-08-18T13:23:02.923Z"}
{"level":"info","message":"GET /api/user/portfolio - Success","timestamp":"2025-08-18T13:23:03.010Z"}
{"level":"info","message":"GET /api/user/details - Success","timestamp":"2025-08-18T13:23:23.427Z"}
{"level":"info","message":"GET /api/user/portfolio - Success","timestamp":"2025-08-18T13:23:23.684Z"}
{"level":"info","message":"GET /api/user/details - Success","timestamp":"2025-08-18T13:24:14.072Z"}
{"level":"info","message":"GET /api/user/portfolio - Success","timestamp":"2025-08-18T13:24:14.334Z"}
{"level":"info","message":"GET /api/user/details - Success","timestamp":"2025-08-18T13:24:50.012Z"}
{"level":"info","message":"GET /api/user/portfolio - Success","timestamp":"2025-08-18T13:24:50.262Z"}
{"level":"info","message":"GET /api/user/details - Success","timestamp":"2025-08-18T13:25:15.264Z"}
{"level":"info","message":"GET /api/user/portfolio - Success","timestamp":"2025-08-18T13:25:15.558Z"}
{"level":"info","message":"GET /api/user/details - Success","timestamp":"2025-08-18T13:26:45.121Z"}
{"level":"info","message":"GET /api/user/portfolio - Success","timestamp":"2025-08-18T13:26:45.371Z"}
{"level":"info","message":"GET /api/user/details - Success","timestamp":"2025-08-18T13:26:51.814Z"}
{"level":"info","message":"GET /api/user/portfolio - Success","timestamp":"2025-08-18T13:26:52.056Z"}
{"level":"info","message":"GET /api/user/details - Success","timestamp":"2025-08-18T13:26:55.730Z"}
{"level":"info","message":"GET /api/user/portfolio - Success","timestamp":"2025-08-18T13:26:55.824Z"}
{"level":"info","message":"GET /api/user/details - Success","timestamp":"2025-08-18T13:27:01.921Z"}
{"level":"info","message":"GET /api/user/portfolio - Success","timestamp":"2025-08-18T13:27:01.997Z"}
{"level":"info","message":"GET /api/user/details - Success","timestamp":"2025-08-18T13:27:09.909Z"}
{"level":"info","message":"GET /api/user/portfolio - Success","timestamp":"2025-08-18T13:27:10.198Z"}
{"level":"info","message":"GET /api/user/details - Success","timestamp":"2025-08-18T13:27:15.432Z"}
{"level":"info","message":"GET /api/user/portfolio - Success","timestamp":"2025-08-18T13:27:15.689Z"}
{"level":"info","message":"GET /api/user/details - Success","timestamp":"2025-08-18T13:39:34.283Z"}
{"level":"info","message":"GET /api/user/portfolio - Success","timestamp":"2025-08-18T13:39:34.544Z"}
{"level":"info","message":"GET /api/user/details - Success","timestamp":"2025-08-18T13:40:20.264Z"}
{"level":"info","message":"GET /api/user/portfolio - Success","timestamp":"2025-08-18T13:40:20.507Z"}
{"level":"info","message":"GET /api/user/details - Success","timestamp":"2025-08-18T13:40:28.754Z"}
{"level":"info","message":"GET /api/user/portfolio - Success","timestamp":"2025-08-18T13:40:29.002Z"}
{"level":"info","message":"GET /api/user/details - Success","timestamp":"2025-08-18T13:41:14.693Z"}
{"level":"info","message":"GET /api/user/portfolio - Success","timestamp":"2025-08-18T13:41:15.249Z"}
{"level":"info","message":"GET /api/user/details - Success","timestamp":"2025-08-18T13:47:36.567Z"}
{"level":"info","message":"GET /api/user/portfolio - Success","timestamp":"2025-08-18T13:47:36.808Z"}
{"level":"info","message":"GET /api/user/details - Success","timestamp":"2025-08-18T13:47:39.414Z"}
{"level":"info","message":"GET /api/user/portfolio - Success","timestamp":"2025-08-18T13:47:39.493Z"}
{"level":"info","message":"GET /api/user/details - Success","timestamp":"2025-08-18T13:48:15.023Z"}
{"level":"info","message":"GET /api/user/portfolio - Success","timestamp":"2025-08-18T13:48:15.282Z"}
{"level":"info","message":"GET /api/user/details - Success","timestamp":"2025-08-18T13:48:38.088Z"}
{"level":"info","message":"GET /api/user/portfolio - Success","timestamp":"2025-08-18T13:48:38.325Z"}
{"level":"info","message":"GET /api/user/details - Success","timestamp":"2025-08-18T13:48:45.959Z"}
{"level":"info","message":"GET /api/user/portfolio - Success","timestamp":"2025-08-18T13:48:46.221Z"}
{"level":"info","message":"GET /api/user/details - Success","timestamp":"2025-08-18T13:49:15.673Z"}
{"level":"info","message":"GET /api/user/portfolio - Success","timestamp":"2025-08-18T13:49:15.913Z"}
{"level":"info","message":"GET /api/user/details - Success","timestamp":"2025-08-18T13:49:22.056Z"}
{"level":"info","message":"GET /api/user/portfolio - Success","timestamp":"2025-08-18T13:49:22.297Z"}
{"level":"info","message":"GET /api/user/details - Success","timestamp":"2025-08-18T13:52:24.145Z"}
{"level":"info","message":"GET /api/user/portfolio - Success","timestamp":"2025-08-18T13:52:24.399Z"}
{"level":"info","message":"GET /api/user/details - Success","timestamp":"2025-08-18T13:52:47.616Z"}
{"level":"info","message":"GET /api/user/portfolio - Success","timestamp":"2025-08-18T13:52:47.877Z"}
{"level":"info","message":"GET /api/user/details - Success","timestamp":"2025-08-18T13:53:49.733Z"}
{"level":"info","message":"GET /api/user/portfolio - Success","timestamp":"2025-08-18T13:53:49.985Z"}
{"level":"info","message":"GET /api/user/details - Success","timestamp":"2025-08-18T13:53:51.049Z"}
{"level":"info","message":"GET /api/user/portfolio - Success","timestamp":"2025-08-18T13:53:51.131Z"}
{"level":"info","message":"POST /api/auth/login - Success","timestamp":"2025-08-18T13:57:53.498Z"}
{"level":"info","message":"GET /api/user/details - Success","timestamp":"2025-08-18T13:57:55.139Z"}
{"level":"info","message":"GET /api/user/portfolio - Success","timestamp":"2025-08-18T13:57:55.683Z"}
{"level":"info","message":"GET /api/user/details - Success","timestamp":"2025-08-18T13:58:01.332Z"}
{"level":"info","message":"GET /api/user/portfolio - Success","timestamp":"2025-08-18T13:58:01.421Z"}
{"level":"info","message":"GET /api/user/details - Success","timestamp":"2025-08-18T13:58:12.055Z"}
{"level":"info","message":"GET /api/user/portfolio - Success","timestamp":"2025-08-18T13:58:12.364Z"}
{"level":"info","message":"GET /api/user/details - Success","timestamp":"2025-08-18T14:01:02.676Z"}
{"level":"info","message":"GET /api/user/portfolio - Success","timestamp":"2025-08-18T14:01:02.763Z"}
{"level":"info","message":"GET /api/user/details - Success","timestamp":"2025-08-18T14:02:45.735Z"}
{"level":"info","message":"GET /api/user/portfolio - Success","timestamp":"2025-08-18T14:02:45.997Z"}
{"level":"info","message":"GET /api/user/details - Success","timestamp":"2025-08-18T14:04:34.906Z"}
{"level":"info","message":"GET /api/user/portfolio - Success","timestamp":"2025-08-18T14:04:35.155Z"}
{"level":"info","message":"GET /api/user/details - Success","timestamp":"2025-08-18T14:05:44.363Z"}
{"level":"info","message":"GET /api/user/portfolio - Success","timestamp":"2025-08-18T14:05:44.656Z"}
{"level":"info","message":"GET /api/user/details - Success","timestamp":"2025-08-18T14:05:50.741Z"}
{"level":"info","message":"GET /api/user/portfolio - Success","timestamp":"2025-08-18T14:05:50.988Z"}
{"level":"info","message":"GET /api/user/details - Success","timestamp":"2025-08-18T14:06:38.030Z"}
{"level":"info","message":"GET /api/user/portfolio - Success","timestamp":"2025-08-18T14:06:38.313Z"}
{"level":"info","message":"GET /api/user/details - Success","timestamp":"2025-08-18T14:07:46.794Z"}
{"level":"info","message":"GET /api/user/portfolio - Success","timestamp":"2025-08-18T14:07:47.044Z"}
{"level":"info","message":"GET /api/user/details - Success","timestamp":"2025-08-18T14:07:50.393Z"}
{"level":"info","message":"GET /api/user/portfolio - Success","timestamp":"2025-08-18T14:07:50.478Z"}
{"level":"info","message":"GET /api/user/details - Success","timestamp":"2025-08-18T14:08:02.272Z"}
{"level":"info","message":"GET /api/user/portfolio - Success","timestamp":"2025-08-18T14:08:02.352Z"}
{"level":"info","message":"GET /api/user/details - Success","timestamp":"2025-08-18T14:08:08.129Z"}
{"level":"info","message":"GET /api/user/portfolio - Success","timestamp":"2025-08-18T14:08:08.374Z"}
{"level":"info","message":"GET /api/user/details - Success","timestamp":"2025-08-18T14:08:12.412Z"}
{"level":"info","message":"GET /api/user/portfolio - Success","timestamp":"2025-08-18T14:08:12.670Z"}
{"level":"info","message":"GET /api/user/details - Success","timestamp":"2025-08-18T14:08:33.965Z"}
{"level":"info","message":"GET /api/user/portfolio - Success","timestamp":"2025-08-18T14:08:34.219Z"}
{"level":"info","message":"GET /api/user/details - Success","timestamp":"2025-08-18T14:08:39.523Z"}
{"level":"info","message":"GET /api/user/portfolio - Success","timestamp":"2025-08-18T14:08:39.774Z"}
{"level":"info","message":"GET /api/user/details - Success","timestamp":"2025-08-18T14:08:43.499Z"}
{"level":"info","message":"GET /api/user/portfolio - Success","timestamp":"2025-08-18T14:08:43.583Z"}
{"level":"info","message":"GET /api/user/details - Success","timestamp":"2025-08-18T14:09:06.695Z"}
{"level":"info","message":"GET /api/user/portfolio - Success","timestamp":"2025-08-18T14:09:06.803Z"}
{"level":"info","message":"POST /api/auth/login - Success","timestamp":"2025-08-18T14:10:15.897Z"}
{"level":"info","message":"GET /api/user/details - Success","timestamp":"2025-08-18T14:10:17.326Z"}
{"level":"info","message":"GET /api/user/portfolio - Success","timestamp":"2025-08-18T14:10:17.587Z"}
{"level":"info","message":"GET /api/user/details - Success","timestamp":"2025-08-18T14:10:47.528Z"}
{"level":"info","message":"GET /api/user/portfolio - Success","timestamp":"2025-08-18T14:10:47.780Z"}
{"level":"info","message":"GET /api/user/details - Success","timestamp":"2025-08-18T14:10:51.750Z"}
{"level":"info","message":"GET /api/user/portfolio - Success","timestamp":"2025-08-18T14:10:51.836Z"}
{"level":"info","message":"GET /api/user/details - Success","timestamp":"2025-08-18T14:11:27.896Z"}
{"level":"info","message":"GET /api/user/portfolio - Success","timestamp":"2025-08-18T14:11:28.155Z"}
{"level":"info","message":"GET /api/user/details - Success","timestamp":"2025-08-18T14:11:43.759Z"}
{"level":"info","message":"GET /api/user/portfolio - Success","timestamp":"2025-08-18T14:11:44.020Z"}
{"level":"info","message":"GET /api/user/details - Success","timestamp":"2025-08-18T14:11:47.505Z"}
{"level":"info","message":"GET /api/user/portfolio - Success","timestamp":"2025-08-18T14:11:47.601Z"}
{"level":"info","message":"GET /api/user/details - Success","timestamp":"2025-08-18T14:12:42.310Z"}
{"level":"info","message":"GET /api/user/portfolio - Success","timestamp":"2025-08-18T14:12:42.560Z"}
{"level":"info","message":"GET /api/user/details - Success","timestamp":"2025-08-18T14:13:37.944Z"}
{"level":"info","message":"GET /api/user/portfolio - Success","timestamp":"2025-08-18T14:13:38.201Z"}
{"level":"info","message":"GET /api/user/details - Success","timestamp":"2025-08-18T14:16:04.236Z"}
{"level":"info","message":"GET /api/user/portfolio - Success","timestamp":"2025-08-18T14:16:04.315Z"}
{"level":"info","message":"GET /api/user/details - Success","timestamp":"2025-08-18T14:16:07.105Z"}
{"level":"info","message":"GET /api/user/portfolio - Success","timestamp":"2025-08-18T14:16:07.208Z"}
{"level":"info","message":"GET /api/user/details - Success","timestamp":"2025-08-18T14:16:08.866Z"}
{"level":"info","message":"GET /api/user/portfolio - Success","timestamp":"2025-08-18T14:16:08.947Z"}
{"level":"info","message":"GET /api/user/details - Success","timestamp":"2025-08-18T14:16:12.064Z"}
{"level":"info","message":"GET /api/user/portfolio - Success","timestamp":"2025-08-18T14:16:12.201Z"}
{"level":"info","message":"GET /api/user/details - Success","timestamp":"2025-08-18T14:16:16.883Z"}
{"level":"info","message":"GET /api/user/portfolio - Success","timestamp":"2025-08-18T14:16:17.145Z"}
{"level":"info","message":"GET /api/user/details - Success","timestamp":"2025-08-18T14:16:42.752Z"}
{"level":"info","message":"GET /api/user/portfolio - Success","timestamp":"2025-08-18T14:16:43.005Z"}
{"level":"info","message":"GET /api/user/details - Success","timestamp":"2025-08-18T14:16:46.380Z"}
{"level":"info","message":"GET /api/user/portfolio - Success","timestamp":"2025-08-18T14:16:46.461Z"}
{"level":"info","message":"GET /api/user/details - Success","timestamp":"2025-08-18T14:16:50.181Z"}
{"level":"info","message":"GET /api/user/portfolio - Success","timestamp":"2025-08-18T14:16:50.270Z"}
{"level":"info","message":"GET /api/user/details - Success","timestamp":"2025-08-18T14:17:09.829Z"}
{"level":"info","message":"GET /api/user/portfolio - Success","timestamp":"2025-08-18T14:17:10.077Z"}
{"level":"info","message":"GET /api/user/details - Success","timestamp":"2025-08-18T14:17:13.117Z"}
{"level":"info","message":"GET /api/user/portfolio - Success","timestamp":"2025-08-18T14:17:13.201Z"}
{"level":"info","message":"GET /api/user/details - Success","timestamp":"2025-08-18T14:17:25.020Z"}
{"level":"info","message":"GET /api/user/portfolio - Success","timestamp":"2025-08-18T14:17:25.295Z"}
{"level":"info","message":"GET /api/user/details - Success","timestamp":"2025-08-18T14:17:30.709Z"}
{"level":"info","message":"GET /api/user/portfolio - Success","timestamp":"2025-08-18T14:17:30.994Z"}
{"level":"info","message":"GET /api/user/details - Success","timestamp":"2025-08-18T14:17:34.685Z"}
{"level":"info","message":"GET /api/user/portfolio - Success","timestamp":"2025-08-18T14:17:34.771Z"}
{"level":"info","message":"GET /api/v1/invoice/ - Success","timestamp":"2025-08-18T14:17:34.856Z"}
{"level":"info","message":"GET /api/v1/invoice/ - Success","timestamp":"2025-08-18T14:17:35.164Z"}
{"level":"info","message":"GET /api/v1/recurring-invoice/ - Success","timestamp":"2025-08-18T14:17:35.852Z"}
{"level":"info","message":"GET /api/v1/invoice/ - Success","timestamp":"2025-08-18T14:17:35.957Z"}
{"level":"info","message":"GET /api/v1/recurring-invoice/ - Success","timestamp":"2025-08-18T14:17:36.151Z"}
{"level":"info","message":"GET /api/v1/invoice/ - Success","timestamp":"2025-08-18T14:17:36.367Z"}
{"level":"info","message":"GET /api/user/details - Success","timestamp":"2025-08-18T14:17:37.196Z"}
{"level":"info","message":"GET /api/user/portfolio - Success","timestamp":"2025-08-18T14:17:37.276Z"}
{"level":"info","message":"GET /api/user/details - Success","timestamp":"2025-08-18T14:17:39.505Z"}
{"level":"info","message":"GET /api/user/portfolio - Success","timestamp":"2025-08-18T14:17:39.594Z"}
{"level":"info","message":"GET /api/user/details - Success","timestamp":"2025-08-18T14:18:05.494Z"}
{"level":"info","message":"GET /api/user/portfolio - Success","timestamp":"2025-08-18T14:18:05.592Z"}
{"level":"info","message":"GET /api/user/details - Success","timestamp":"2025-08-18T14:18:21.919Z"}
{"level":"info","message":"GET /api/user/portfolio - Success","timestamp":"2025-08-18T14:18:22.166Z"}
{"level":"info","message":"GET /api/user/details - Success","timestamp":"2025-08-18T14:18:59.541Z"}
{"level":"info","message":"GET /api/user/portfolio - Success","timestamp":"2025-08-18T14:18:59.790Z"}
{"level":"info","message":"GET /api/user/details - Success","timestamp":"2025-08-18T14:19:07.009Z"}
{"level":"info","message":"GET /api/user/portfolio - Success","timestamp":"2025-08-18T14:19:07.545Z"}
{"level":"info","message":"GET /api/user/details - Success","timestamp":"2025-08-18T14:20:30.470Z"}
{"level":"info","message":"GET /api/user/portfolio - Success","timestamp":"2025-08-18T14:20:30.977Z"}
{"level":"info","message":"GET /api/user/details - Success","timestamp":"2025-08-18T14:20:36.805Z"}
{"level":"info","message":"GET /api/user/portfolio - Success","timestamp":"2025-08-18T14:20:37.067Z"}
{"level":"info","message":"GET /api/user/details - Success","timestamp":"2025-08-18T14:20:41.470Z"}
{"level":"info","message":"GET /api/user/portfolio - Success","timestamp":"2025-08-18T14:20:41.734Z"}
{"level":"info","message":"GET /api/user/details - Success","timestamp":"2025-08-18T14:20:42.326Z"}
{"level":"info","message":"GET /api/user/portfolio - Success","timestamp":"2025-08-18T14:20:42.407Z"}
{"level":"info","message":"GET /api/user/details - Success","timestamp":"2025-08-18T14:20:57.435Z"}
{"level":"info","message":"GET /api/user/portfolio - Success","timestamp":"2025-08-18T14:20:57.688Z"}
{"level":"info","message":"GET /api/user/details - Success","timestamp":"2025-08-18T14:21:03.727Z"}
{"level":"info","message":"GET /api/user/portfolio - Success","timestamp":"2025-08-18T14:21:03.821Z"}
{"level":"info","message":"GET /api/user/details - Success","timestamp":"2025-08-18T14:21:04.546Z"}
{"level":"info","message":"GET /api/user/portfolio - Success","timestamp":"2025-08-18T14:21:04.630Z"}
{"level":"info","message":"POST /api/auth/login - Success","timestamp":"2025-08-19T08:13:50.368Z"}
{"level":"info","message":"GET /api/user/details - Success","timestamp":"2025-08-19T08:13:51.344Z"}
{"level":"info","message":"GET /api/user/portfolio - Success","timestamp":"2025-08-19T08:13:51.937Z"}
{"level":"info","message":"GET /api/user/details - Success","timestamp":"2025-08-19T08:14:17.657Z"}
{"level":"info","message":"GET /api/user/portfolio - Success","timestamp":"2025-08-19T08:14:18.050Z"}
{"level":"info","message":"GET /api/user/details - Success","timestamp":"2025-08-19T08:14:26.180Z"}
{"level":"info","message":"GET /api/user/portfolio - Success","timestamp":"2025-08-19T08:14:26.452Z"}
{"level":"info","message":"GET /api/user/details - Success","timestamp":"2025-08-19T08:14:30.199Z"}
{"level":"info","message":"GET /api/user/portfolio - Success","timestamp":"2025-08-19T08:14:30.279Z"}
{"level":"info","message":"GET /api/user/details - Success","timestamp":"2025-08-19T08:14:33.086Z"}
{"level":"info","message":"GET /api/user/portfolio - Success","timestamp":"2025-08-19T08:14:33.179Z"}
{"level":"info","message":"GET /api/user/details - Success","timestamp":"2025-08-19T08:23:14.630Z"}
{"level":"info","message":"GET /api/user/portfolio - Success","timestamp":"2025-08-19T08:23:14.881Z"}
{"level":"info","message":"GET /api/user/details - Success","timestamp":"2025-08-19T08:23:29.410Z"}
{"level":"info","message":"GET /api/user/portfolio - Success","timestamp":"2025-08-19T08:23:29.667Z"}
{"level":"info","message":"GET /api/user/details - Success","timestamp":"2025-08-19T08:23:33.031Z"}
{"level":"info","message":"GET /api/user/portfolio - Success","timestamp":"2025-08-19T08:23:33.130Z"}
{"level":"info","message":"GET /api/user/details - Success","timestamp":"2025-08-19T08:23:38.298Z"}
{"level":"info","message":"GET /api/v1/invoice/ - Success","timestamp":"2025-08-19T08:23:38.463Z"}
{"level":"info","message":"GET /api/user/portfolio - Success","timestamp":"2025-08-19T08:23:38.556Z"}
{"level":"info","message":"GET /api/v1/invoice/ - Success","timestamp":"2025-08-19T08:23:38.560Z"}
{"level":"info","message":"GET /api/v1/invoice/ - Success","timestamp":"2025-08-19T08:23:38.773Z"}
{"level":"info","message":"GET /api/v1/invoice/ - Success","timestamp":"2025-08-19T08:23:38.966Z"}
{"level":"info","message":"GET /api/v1/invoice/ - Success","timestamp":"2025-08-19T08:23:39.080Z"}
{"level":"info","message":"GET /api/v1/recurring-invoice/ - Success","timestamp":"2025-08-19T08:23:39.244Z"}
{"level":"info","message":"GET /api/v1/invoice/ - Success","timestamp":"2025-08-19T08:23:39.367Z"}
{"level":"info","message":"GET /api/v1/invoice/ - Success","timestamp":"2025-08-19T08:23:39.386Z"}
{"level":"info","message":"GET /api/v1/recurring-invoice/ - Success","timestamp":"2025-08-19T08:23:39.545Z"}
{"level":"info","message":"GET /api/v1/invoice/ - Success","timestamp":"2025-08-19T08:23:39.777Z"}
{"level":"info","message":"GET /api/v1/recurring-invoice/ - Success","timestamp":"2025-08-19T08:23:39.844Z"}
{"level":"info","message":"GET /api/v1/recurring-invoice/ - Success","timestamp":"2025-08-19T08:23:40.145Z"}
{"level":"info","message":"GET /api/v1/invoice/ - Success","timestamp":"2025-08-19T08:23:40.407Z"}
{"level":"info","message":"GET /api/v1/recurring-invoice/ - Success","timestamp":"2025-08-19T08:23:40.439Z"}
{"level":"info","message":"GET /api/v1/invoice/ - Success","timestamp":"2025-08-19T08:23:40.513Z"}
{"level":"info","message":"GET /api/v1/invoice/ - Success","timestamp":"2025-08-19T08:23:40.722Z"}
{"level":"info","message":"GET /api/v1/recurring-invoice/ - Success","timestamp":"2025-08-19T08:23:40.739Z"}
{"level":"info","message":"GET /api/v1/invoice/ - Success","timestamp":"2025-08-19T08:23:40.939Z"}
{"level":"info","message":"GET /api/user/details - Success","timestamp":"2025-08-19T08:23:41.756Z"}
{"level":"info","message":"GET /api/user/portfolio - Success","timestamp":"2025-08-19T08:23:41.840Z"}
{"level":"info","message":"GET /api/user/details - Success","timestamp":"2025-08-19T08:23:46.128Z"}
{"level":"info","message":"GET /api/recurring-payments - Success","timestamp":"2025-08-19T08:23:46.228Z"}
{"level":"info","message":"GET /api/user/portfolio - Success","timestamp":"2025-08-19T08:23:46.377Z"}
{"level":"info","message":"GET /api/recurring-payments - Success","timestamp":"2025-08-19T08:23:46.534Z"}
{"level":"info","message":"GET /api/recurring-payments - Success","timestamp":"2025-08-19T08:23:46.830Z"}
{"level":"info","message":"GET /api/recurring-payments - Success","timestamp":"2025-08-19T08:23:47.131Z"}
{"level":"info","message":"GET /api/recurring-payments - Success","timestamp":"2025-08-19T08:23:48.219Z"}
{"level":"info","message":"GET /api/recurring-payments - Success","timestamp":"2025-08-19T08:23:48.520Z"}
{"level":"info","message":"GET /api/user/details - Success","timestamp":"2025-08-19T08:23:51.400Z"}
{"level":"info","message":"POST /api/wallet/tx-history - Success","timestamp":"2025-08-19T08:23:51.516Z"}
{"level":"info","message":"GET /api/user/portfolio - Success","timestamp":"2025-08-19T08:23:51.655Z"}
{"level":"info","message":"POST /api/wallet/tx-history - Success","timestamp":"2025-08-19T08:23:51.822Z"}
{"level":"info","message":"POST /api/wallet/tx-history - Success","timestamp":"2025-08-19T08:23:52.131Z"}
{"level":"info","message":"POST /api/wallet/tx-history - Success","timestamp":"2025-08-19T08:23:52.439Z"}
{"level":"info","message":"POST /api/wallet/tx-history - Success","timestamp":"2025-08-19T08:23:53.510Z"}
{"level":"info","message":"POST /api/wallet/tx-history - Success","timestamp":"2025-08-19T08:23:53.817Z"}
{"level":"info","message":"GET /api/user/details - Success","timestamp":"2025-08-19T08:23:54.764Z"}
{"level":"info","message":"GET /api/user/portfolio - Success","timestamp":"2025-08-19T08:23:54.842Z"}
{"level":"info","message":"GET /api/user/details - Success","timestamp":"2025-08-19T08:24:20.684Z"}
{"level":"info","message":"GET /api/user/portfolio - Success","timestamp":"2025-08-19T08:24:20.937Z"}
{"level":"info","message":"GET /api/user/details - Success","timestamp":"2025-08-19T08:24:24.525Z"}
{"level":"info","message":"GET /api/user/portfolio - Success","timestamp":"2025-08-19T08:24:24.605Z"}
{"level":"info","message":"GET /api/user/details - Success","timestamp":"2025-08-19T08:24:37.010Z"}
{"level":"info","message":"GET /api/user/portfolio - Success","timestamp":"2025-08-19T08:24:37.265Z"}
{"level":"info","message":"GET /api/user/details - Success","timestamp":"2025-08-19T08:24:38.713Z"}
{"level":"info","message":"GET /api/user/portfolio - Success","timestamp":"2025-08-19T08:24:38.805Z"}
{"level":"info","message":"GET /api/user/details - Success","timestamp":"2025-08-19T08:24:41.925Z"}
{"level":"info","message":"GET /api/user/portfolio - Success","timestamp":"2025-08-19T08:24:42.013Z"}
{"level":"info","message":"GET /api/v1/invoice/ - Success","timestamp":"2025-08-19T08:24:42.045Z"}
{"level":"info","message":"GET /api/v1/recurring-invoice/ - Success","timestamp":"2025-08-19T08:24:42.049Z"}
{"level":"info","message":"GET /api/v1/invoice/ - Success","timestamp":"2025-08-19T08:24:42.138Z"}
{"level":"info","message":"GET /api/v1/recurring-invoice/ - Success","timestamp":"2025-08-19T08:24:42.386Z"}
{"level":"info","message":"GET /api/v1/invoice/ - Success","timestamp":"2025-08-19T08:24:42.389Z"}
{"level":"info","message":"GET /api/v1/invoice/ - Success","timestamp":"2025-08-19T08:24:42.542Z"}
{"level":"info","message":"GET /api/v1/recurring-invoice/ - Success","timestamp":"2025-08-19T08:24:42.716Z"}
{"level":"info","message":"GET /api/v1/invoice/ - Success","timestamp":"2025-08-19T08:24:42.719Z"}
{"level":"info","message":"GET /api/v1/invoice/ - Success","timestamp":"2025-08-19T08:24:43.060Z"}
{"level":"info","message":"GET /api/v1/invoice/ - Success","timestamp":"2025-08-19T08:24:43.120Z"}
{"level":"info","message":"GET /api/v1/recurring-invoice/ - Success","timestamp":"2025-08-19T08:24:43.123Z"}
{"level":"info","message":"GET /api/v1/invoice/ - Success","timestamp":"2025-08-19T08:24:43.508Z"}
{"level":"info","message":"GET /api/v1/invoice/ - Success","timestamp":"2025-08-19T08:24:44.081Z"}
{"level":"info","message":"GET /api/v1/recurring-invoice/ - Success","timestamp":"2025-08-19T08:24:44.087Z"}
{"level":"info","message":"GET /api/v1/invoice/ - Success","timestamp":"2025-08-19T08:24:44.220Z"}
{"level":"info","message":"GET /api/v1/invoice/ - Success","timestamp":"2025-08-19T08:24:44.423Z"}
{"level":"info","message":"GET /api/v1/recurring-invoice/ - Success","timestamp":"2025-08-19T08:24:44.426Z"}
{"level":"info","message":"GET /api/v1/invoice/ - Success","timestamp":"2025-08-19T08:24:44.629Z"}
{"level":"info","message":"GET /api/user/details - Success","timestamp":"2025-08-19T08:24:45.190Z"}
{"level":"info","message":"GET /api/user/portfolio - Success","timestamp":"2025-08-19T08:24:45.275Z"}
{"level":"info","message":"GET /api/user/details - Success","timestamp":"2025-08-19T08:24:56.705Z"}
{"level":"info","message":"GET /api/user/portfolio - Success","timestamp":"2025-08-19T08:24:56.950Z"}
{"level":"info","message":"GET /api/user/details - Success","timestamp":"2025-08-19T08:24:58.294Z"}
{"level":"info","message":"GET /api/user/portfolio - Success","timestamp":"2025-08-19T08:24:58.372Z"}
{"level":"info","message":"GET /api/user/details - Success","timestamp":"2025-08-19T08:24:59.779Z"}
{"level":"info","message":"GET /api/user/portfolio - Success","timestamp":"2025-08-19T08:24:59.862Z"}
{"level":"info","message":"GET /api/v1/invoice/ - Success","timestamp":"2025-08-19T08:24:59.890Z"}
{"level":"info","message":"GET /api/v1/recurring-invoice/ - Success","timestamp":"2025-08-19T08:24:59.894Z"}
{"level":"info","message":"GET /api/v1/invoice/ - Success","timestamp":"2025-08-19T08:24:59.981Z"}
{"level":"info","message":"GET /api/v1/invoice/ - Success","timestamp":"2025-08-19T08:25:00.196Z"}
{"level":"info","message":"GET /api/v1/recurring-invoice/ - Success","timestamp":"2025-08-19T08:25:00.201Z"}
{"level":"info","message":"GET /api/v1/invoice/ - Success","timestamp":"2025-08-19T08:25:00.379Z"}
{"level":"info","message":"GET /api/v1/recurring-invoice/ - Success","timestamp":"2025-08-19T08:25:00.507Z"}
{"level":"info","message":"GET /api/v1/invoice/ - Success","timestamp":"2025-08-19T08:25:00.513Z"}
{"level":"info","message":"GET /api/v1/invoice/ - Success","timestamp":"2025-08-19T08:25:00.777Z"}
{"level":"info","message":"GET /api/v1/recurring-invoice/ - Success","timestamp":"2025-08-19T08:25:00.819Z"}
{"level":"info","message":"GET /api/v1/invoice/ - Success","timestamp":"2025-08-19T08:25:00.828Z"}
{"level":"info","message":"GET /api/user/details - Success","timestamp":"2025-08-19T08:25:00.942Z"}
{"level":"info","message":"GET /api/user/portfolio - Success","timestamp":"2025-08-19T08:25:01.026Z"}
{"level":"info","message":"GET /api/v1/invoice/ - Success","timestamp":"2025-08-19T08:25:01.175Z"}
{"level":"info","message":"GET /api/user/details - Success","timestamp":"2025-08-19T08:25:05.971Z"}
{"level":"info","message":"GET /api/user/portfolio - Success","timestamp":"2025-08-19T08:25:06.053Z"}
{"level":"info","message":"GET /api/user/details - Success","timestamp":"2025-08-19T08:25:10.685Z"}
{"level":"info","message":"GET /api/user/portfolio - Success","timestamp":"2025-08-19T08:25:11.362Z"}
{"level":"info","message":"GET /api/user/details - Success","timestamp":"2025-08-19T08:30:27.942Z"}
{"level":"info","message":"GET /api/user/portfolio - Success","timestamp":"2025-08-19T08:30:28.452Z"}
{"level":"info","message":"GET /api/user/details - Success","timestamp":"2025-08-19T08:30:51.638Z"}
{"level":"info","message":"GET /api/user/portfolio - Success","timestamp":"2025-08-19T08:30:51.929Z"}
{"level":"info","message":"GET /api/user/details - Success","timestamp":"2025-08-19T08:30:52.981Z"}
{"level":"info","message":"GET /api/user/portfolio - Success","timestamp":"2025-08-19T08:30:53.066Z"}
{"level":"info","message":"GET /api/user/details - Success","timestamp":"2025-08-19T08:30:55.930Z"}
{"level":"info","message":"GET /api/user/portfolio - Success","timestamp":"2025-08-19T08:30:56.014Z"}
{"level":"info","message":"GET /api/user/details - Success","timestamp":"2025-08-19T08:30:56.771Z"}
{"level":"info","message":"GET /api/user/portfolio - Success","timestamp":"2025-08-19T08:30:56.853Z"}
{"level":"info","message":"GET /api/user/details - Success","timestamp":"2025-08-19T09:49:02.586Z"}
{"level":"info","message":"GET /api/user/portfolio - Success","timestamp":"2025-08-19T09:49:02.671Z"}
{"level":"info","message":"GET /api/user/details - Success","timestamp":"2025-08-19T09:53:24.254Z"}
{"level":"info","message":"GET /api/user/portfolio - Success","timestamp":"2025-08-19T09:53:24.397Z"}
{"level":"info","message":"GET /api/user/details - Success","timestamp":"2025-08-19T09:53:24.537Z"}
{"level":"info","message":"GET /api/user/portfolio - Success","timestamp":"2025-08-19T09:53:24.622Z"}
{"level":"info","message":"GET /api/user/details - Success","timestamp":"2025-08-19T09:53:26.330Z"}
{"level":"info","message":"GET /api/user/portfolio - Success","timestamp":"2025-08-19T09:53:26.417Z"}
{"level":"info","message":"GET /api/admin/dashboard/summary - Success","timestamp":"2025-08-19T09:53:26.584Z"}
{"level":"info","message":"GET /api/user/details - Success","timestamp":"2025-08-19T09:54:11.498Z"}
{"level":"info","message":"GET /api/user/portfolio - Success","timestamp":"2025-08-19T09:54:11.747Z"}
{"level":"info","message":"GET /api/admin/dashboard/summary - Success","timestamp":"2025-08-19T09:54:11.984Z"}
{"level":"info","message":"GET /api/admin/dashboard/summary - Success","timestamp":"2025-08-19T10:11:49.816Z"}
{"level":"info","message":"GET /api/admin/dashboard/summary - Success","timestamp":"2025-08-19T10:11:51.202Z"}
{"level":"info","message":"GET /api/admin/dashboard/summary - Success","timestamp":"2025-08-19T10:12:12.378Z"}
{"level":"info","message":"GET /api/admin/dashboard/summary - Success","timestamp":"2025-08-19T10:12:16.080Z"}
{"level":"info","message":"GET /api/admin/dashboard/summary - Success","timestamp":"2025-08-19T10:12:58.606Z"}
{"level":"info","message":"GET /api/admin/dashboard/summary - Success","timestamp":"2025-08-19T10:14:21.235Z"}
{"level":"info","message":"GET /api/admin/dashboard/summary - Success","timestamp":"2025-08-19T10:14:56.448Z"}
{"level":"info","message":"GET /api/user/details - Success","timestamp":"2025-08-19T10:20:35.596Z"}
{"level":"info","message":"GET /api/user/portfolio - Success","timestamp":"2025-08-19T10:20:35.854Z"}
{"level":"info","message":"GET /api/user/details - Success","timestamp":"2025-08-19T10:21:01.708Z"}
{"level":"info","message":"GET /api/user/portfolio - Success","timestamp":"2025-08-19T10:21:01.805Z"}
{"level":"info","message":"GET /api/user/details - Success","timestamp":"2025-08-19T10:21:31.031Z"}
{"level":"info","message":"GET /api/user/portfolio - Success","timestamp":"2025-08-19T10:21:31.285Z"}
{"level":"info","message":"GET /api/admin/dashboard/summary - Success","timestamp":"2025-08-19T10:21:31.715Z"}
{"level":"info","message":"GET /api/user/details - Success","timestamp":"2025-08-19T10:24:16.457Z"}
{"level":"info","message":"GET /api/user/portfolio - Success","timestamp":"2025-08-19T10:24:16.703Z"}
{"level":"info","message":"GET /api/admin/dashboard/summary - Success","timestamp":"2025-08-19T10:24:17.070Z"}
{"level":"info","message":"GET /api/user/details - Success","timestamp":"2025-08-19T10:24:20.768Z"}
{"level":"info","message":"GET /api/user/portfolio - Success","timestamp":"2025-08-19T10:24:21.014Z"}
{"level":"info","message":"GET /api/admin/dashboard/summary - Success","timestamp":"2025-08-19T10:24:21.323Z"}
{"level":"info","message":"GET /api/admin/dashboard/summary - Success","timestamp":"2025-08-19T10:24:38.310Z"}
{"level":"info","message":"GET /api/admin/dashboard/summary - Success","timestamp":"2025-08-19T10:24:44.536Z"}
{"level":"info","message":"GET /api/admin/dashboard/summary - Success","timestamp":"2025-08-19T10:24:51.084Z"}
{"level":"info","message":"GET /api/admin/dashboard/summary - Success","timestamp":"2025-08-19T10:24:55.269Z"}
{"level":"info","message":"GET /api/user/details - Success","timestamp":"2025-08-19T10:27:35.538Z"}
{"level":"info","message":"GET /api/user/portfolio - Success","timestamp":"2025-08-19T10:27:36.075Z"}
{"level":"info","message":"GET /api/admin/dashboard/summary - Success","timestamp":"2025-08-19T10:27:36.405Z"}
{"level":"info","message":"GET /api/user/details - Success","timestamp":"2025-08-19T10:31:06.290Z"}
{"level":"info","message":"GET /api/user/portfolio - Success","timestamp":"2025-08-19T10:31:06.369Z"}
{"level":"info","message":"GET /api/admin/dashboard/summary - Success","timestamp":"2025-08-19T10:31:06.703Z"}
{"level":"info","message":"GET /api/admin/dashboard/summary - Success","timestamp":"2025-08-19T11:12:38.742Z"}
{"level":"info","message":"POST /api/auth/login - Success","timestamp":"2025-08-19T14:40:14.690Z"}
{"level":"info","message":"GET /api/user/details - Success","timestamp":"2025-08-19T14:40:15.362Z"}
{"level":"info","message":"GET /api/user/portfolio - Success","timestamp":"2025-08-19T14:40:15.601Z"}
{"level":"info","message":"GET /api/user/details - Success","timestamp":"2025-08-19T14:40:22.985Z"}
{"level":"info","message":"GET /api/user/portfolio - Success","timestamp":"2025-08-19T14:40:23.285Z"}
{"level":"info","message":"GET /api/user/details - Success","timestamp":"2025-08-19T14:43:25.057Z"}
{"level":"info","message":"GET /api/user/portfolio - Success","timestamp":"2025-08-19T14:43:25.326Z"}
{"level":"info","message":"GET /api/admin/dashboard/summary - Success","timestamp":"2025-08-19T14:43:26.056Z"}
{"level":"info","message":"GET /api/user/details - Success","timestamp":"2025-08-19T16:25:36.443Z"}
{"level":"info","message":"GET /api/user/portfolio - Success","timestamp":"2025-08-19T16:25:36.782Z"}
{"level":"info","message":"GET /api/admin/dashboard/summary - Success","timestamp":"2025-08-19T16:25:37.337Z"}
{"level":"info","message":"GET /api/user/details - Success","timestamp":"2025-08-19T16:26:08.620Z"}
{"level":"info","message":"GET /api/user/portfolio - Success","timestamp":"2025-08-19T16:26:09.039Z"}
{"level":"info","message":"GET /api/admin/dashboard/summary - Success","timestamp":"2025-08-19T16:26:09.930Z"}
{"level":"info","message":"GET /api/user/details - Success","timestamp":"2025-08-19T16:27:11.009Z"}
{"level":"info","message":"GET /api/user/portfolio - Success","timestamp":"2025-08-19T16:27:11.458Z"}
{"level":"info","message":"GET /api/admin/dashboard/summary - Success","timestamp":"2025-08-19T16:27:12.048Z"}
{"level":"info","message":"GET /api/user/details - Success","timestamp":"2025-08-19T16:46:06.893Z"}
{"level":"info","message":"GET /api/user/portfolio - Success","timestamp":"2025-08-19T16:46:07.007Z"}
{"level":"info","message":"GET /api/user/details - Success","timestamp":"2025-08-19T16:46:08.376Z"}
{"level":"info","message":"GET /api/user/portfolio - Success","timestamp":"2025-08-19T16:46:08.473Z"}
{"level":"info","message":"GET /api/admin/dashboard/summary - Success","timestamp":"2025-08-19T16:46:10.623Z"}
{"level":"info","message":"GET /api/user/details - Success","timestamp":"2025-08-19T16:47:15.554Z"}
{"level":"info","message":"GET /api/user/portfolio - Success","timestamp":"2025-08-19T16:47:15.944Z"}
{"level":"info","message":"GET /api/admin/dashboard/summary - Success","timestamp":"2025-08-19T16:47:16.965Z"}
{"level":"info","message":"GET /api/user/details - Success","timestamp":"2025-08-20T06:16:01.705Z"}
{"level":"info","message":"GET /api/user/portfolio - Success","timestamp":"2025-08-20T06:16:01.825Z"}
{"level":"info","message":"GET /api/user/details - Success","timestamp":"2025-08-20T06:16:25.274Z"}
{"level":"info","message":"GET /api/user/portfolio - Success","timestamp":"2025-08-20T06:16:25.542Z"}
{"level":"info","message":"GET /api/admin/dashboard/summary - Success","timestamp":"2025-08-20T06:16:26.159Z"}
{"level":"info","message":"POST /api/auth/login - Success","timestamp":"2025-08-20T06:18:15.958Z"}
{"level":"info","message":"GET /api/user/details - Success","timestamp":"2025-08-20T06:18:16.546Z"}
{"level":"info","message":"GET /api/user/portfolio - Success","timestamp":"2025-08-20T06:18:16.968Z"}
{"level":"info","message":"GET /api/user/details - Success","timestamp":"2025-08-20T06:18:18.864Z"}
{"level":"info","message":"GET /api/user/portfolio - Success","timestamp":"2025-08-20T06:18:18.960Z"}
{"level":"info","message":"GET /api/admin/dashboard/summary - Success","timestamp":"2025-08-20T06:18:19.579Z"}
{"level":"info","message":"GET /api/user/details - Success","timestamp":"2025-08-20T06:18:48.901Z"}
{"level":"info","message":"GET /api/user/portfolio - Success","timestamp":"2025-08-20T06:18:49.203Z"}
{"level":"info","message":"GET /api/user/details - Success","timestamp":"2025-08-20T06:27:30.153Z"}
{"level":"info","message":"GET /api/user/portfolio - Success","timestamp":"2025-08-20T06:27:30.492Z"}
{"level":"info","message":"GET /api/user/details - Success","timestamp":"2025-08-20T06:27:32.553Z"}
{"level":"info","message":"GET /api/user/portfolio - Success","timestamp":"2025-08-20T06:27:32.668Z"}
{"level":"info","message":"GET /api/user/details - Success","timestamp":"2025-08-20T06:34:23.247Z"}
{"level":"info","message":"GET /api/user/portfolio - Success","timestamp":"2025-08-20T06:34:23.516Z"}
{"level":"info","message":"GET /api/user/details - Success","timestamp":"2025-08-20T06:34:25.707Z"}
{"level":"info","message":"GET /api/user/portfolio - Success","timestamp":"2025-08-20T06:34:25.793Z"}
{"level":"info","message":"GET /api/user/details - Success","timestamp":"2025-08-20T06:34:26.541Z"}
{"level":"info","message":"GET /api/user/portfolio - Success","timestamp":"2025-08-20T06:34:26.628Z"}
{"level":"info","message":"GET /api/user/details - Success","timestamp":"2025-08-20T06:38:35.719Z"}
{"level":"info","message":"GET /api/user/portfolio - Success","timestamp":"2025-08-20T06:38:36.004Z"}
{"level":"info","message":"GET /api/user/details - Success","timestamp":"2025-08-20T07:06:01.049Z"}
{"level":"info","message":"GET /api/user/portfolio - Success","timestamp":"2025-08-20T07:06:01.121Z"}
{"level":"info","message":"GET /api/user/details - Success","timestamp":"2025-08-20T07:15:56.381Z"}
{"level":"info","message":"GET /api/user/portfolio - Success","timestamp":"2025-08-20T07:15:56.726Z"}
{"level":"info","message":"GET /api/admin/dashboard/summary - Success","timestamp":"2025-08-20T07:15:57.251Z"}
{"level":"info","message":"GET /api/user/details - Success","timestamp":"2025-08-20T07:16:02.273Z"}
{"level":"info","message":"GET /api/user/portfolio - Success","timestamp":"2025-08-20T07:16:02.389Z"}
{"level":"info","message":"GET /api/user/details - Success","timestamp":"2025-08-20T07:17:14.704Z"}
{"level":"info","message":"GET /api/user/portfolio - Success","timestamp":"2025-08-20T07:17:15.108Z"}
{"level":"info","message":"GET /api/user/details - Success","timestamp":"2025-08-20T07:17:17.442Z"}
{"level":"info","message":"GET /api/user/portfolio - Success","timestamp":"2025-08-20T07:17:17.537Z"}
{"level":"info","message":"GET /api/admin/dashboard/summary - Success","timestamp":"2025-08-20T07:17:18.080Z"}
{"level":"info","message":"GET /api/admin/dashboard/summary - Success","timestamp":"2025-08-20T07:18:17.003Z"}
{"level":"info","message":"GET /api/user/details - Success","timestamp":"2025-08-20T07:18:17.930Z"}
{"level":"info","message":"GET /api/user/portfolio - Success","timestamp":"2025-08-20T07:18:18.354Z"}
{"level":"info","message":"GET /api/admin/dashboard/summary - Success","timestamp":"2025-08-20T07:18:19.098Z"}
{"level":"info","message":"GET /api/admin/dashboard/summary - Success","timestamp":"2025-08-20T07:18:23.716Z"}
{"level":"info","message":"GET /api/user/details - Success","timestamp":"2025-08-20T07:18:27.068Z"}
{"level":"info","message":"GET /api/user/portfolio - Success","timestamp":"2025-08-20T07:18:27.329Z"}
{"level":"info","message":"GET /api/user/details - Success","timestamp":"2025-08-20T07:19:47.265Z"}
{"level":"info","message":"GET /api/user/portfolio - Success","timestamp":"2025-08-20T07:19:47.705Z"}
{"level":"info","message":"GET /api/user/details - Success","timestamp":"2025-08-20T07:53:34.777Z"}
{"level":"info","message":"GET /api/user/portfolio - Success","timestamp":"2025-08-20T07:53:35.171Z"}
{"level":"info","message":"GET /api/user/details - Success","timestamp":"2025-08-20T07:53:39.058Z"}
{"level":"info","message":"GET /api/user/portfolio - Success","timestamp":"2025-08-20T07:53:39.150Z"}
{"level":"info","message":"GET /api/user/details - Success","timestamp":"2025-08-20T09:16:11.407Z"}
{"level":"info","message":"GET /api/user/portfolio - Success","timestamp":"2025-08-20T09:16:11.577Z"}
{"level":"info","message":"GET /api/user/details - Success","timestamp":"2025-08-20T09:16:17.464Z"}
{"level":"info","message":"GET /api/user/portfolio - Success","timestamp":"2025-08-20T09:16:17.740Z"}
{"level":"info","message":"GET /api/user/details - Success","timestamp":"2025-08-20T09:17:12.026Z"}
{"level":"info","message":"GET /api/user/portfolio - Success","timestamp":"2025-08-20T09:17:12.408Z"}
{"level":"info","message":"GET /api/user/details - Success","timestamp":"2025-08-20T09:24:05.276Z"}
{"level":"info","message":"GET /api/user/portfolio - Success","timestamp":"2025-08-20T09:24:05.369Z"}
{"level":"info","message":"GET /api/admin/dashboard/summary - Success","timestamp":"2025-08-20T09:24:05.898Z"}
{"level":"info","message":"GET /api/user/details - Success","timestamp":"2025-08-20T09:24:18.037Z"}
{"level":"info","message":"GET /api/user/portfolio - Success","timestamp":"2025-08-20T09:24:18.327Z"}
{"level":"info","message":"GET /api/admin/dashboard/summary - Success","timestamp":"2025-08-20T09:24:18.902Z"}
{"level":"info","message":"GET /api/user/details - Success","timestamp":"2025-08-20T09:24:32.533Z"}
{"level":"info","message":"GET /api/user/portfolio - Success","timestamp":"2025-08-20T09:24:32.878Z"}
{"level":"info","message":"GET /api/admin/dashboard/summary - Success","timestamp":"2025-08-20T09:24:33.176Z"}
{"level":"info","message":"GET /api/user/details - Success","timestamp":"2025-08-20T09:39:35.406Z"}
{"level":"info","message":"GET /api/user/portfolio - Success","timestamp":"2025-08-20T09:39:35.835Z"}
{"level":"info","message":"GET /api/admin/dashboard/summary - Success","timestamp":"2025-08-20T09:39:36.362Z"}
{"level":"info","message":"GET /api/user/details - Success","timestamp":"2025-08-20T09:45:24.932Z"}
{"level":"info","message":"GET /api/user/portfolio - Success","timestamp":"2025-08-20T09:45:25.389Z"}
{"level":"info","message":"GET /api/admin/dashboard/summary - Success","timestamp":"2025-08-20T09:45:25.970Z"}
{"level":"info","message":"GET /api/user/details - Success","timestamp":"2025-08-20T09:46:00.366Z"}
{"level":"info","message":"GET /api/user/portfolio - Success","timestamp":"2025-08-20T09:46:00.926Z"}
{"level":"info","message":"GET /api/admin/dashboard/summary - Success","timestamp":"2025-08-20T09:46:01.673Z"}
{"level":"info","message":"GET /api/admin/dashboard/summary - Success","timestamp":"2025-08-20T09:46:42.564Z"}
{"level":"info","message":"GET /api/admin/dashboard/summary - Success","timestamp":"2025-08-20T09:46:53.311Z"}
{"level":"info","message":"GET /api/admin/dashboard/summary - Success","timestamp":"2025-08-20T09:47:07.032Z"}
{"level":"info","message":"GET /api/admin/dashboard/summary - Success","timestamp":"2025-08-20T09:47:12.152Z"}
{"level":"info","message":"GET /api/user/details - Success","timestamp":"2025-08-20T09:47:47.197Z"}
{"level":"info","message":"GET /api/user/portfolio - Success","timestamp":"2025-08-20T09:47:47.518Z"}
{"level":"info","message":"GET /api/admin/dashboard/summary - Success","timestamp":"2025-08-20T09:47:48.286Z"}
{"level":"info","message":"GET /api/user/details - Success","timestamp":"2025-08-20T09:52:38.460Z"}
{"level":"info","message":"GET /api/user/portfolio - Success","timestamp":"2025-08-20T09:52:38.634Z"}
{"level":"info","message":"GET /api/admin/dashboard/summary - Success","timestamp":"2025-08-20T09:52:39.366Z"}
{"level":"info","message":"GET /api/user/details - Success","timestamp":"2025-08-20T09:52:48.608Z"}
{"level":"info","message":"GET /api/user/portfolio - Success","timestamp":"2025-08-20T09:52:48.896Z"}
{"level":"info","message":"GET /api/admin/dashboard/summary - Success","timestamp":"2025-08-20T09:52:49.173Z"}
{"level":"info","message":"GET /api/user/details - Success","timestamp":"2025-08-20T09:52:51.226Z"}
{"level":"info","message":"GET /api/user/portfolio - Success","timestamp":"2025-08-20T09:52:51.292Z"}
{"level":"info","message":"GET /api/admin/dashboard/summary - Success","timestamp":"2025-08-20T09:52:51.594Z"}
{"level":"info","message":"GET /api/user/details - Success","timestamp":"2025-08-20T09:55:45.055Z"}
{"level":"info","message":"GET /api/user/portfolio - Success","timestamp":"2025-08-20T09:55:45.591Z"}
{"level":"info","message":"GET /api/user/details - Success","timestamp":"2025-08-20T09:55:45.599Z"}
{"level":"info","message":"GET /api/user/portfolio - Success","timestamp":"2025-08-20T09:55:45.707Z"}
{"level":"info","message":"GET /api/user/details - Success","timestamp":"2025-08-20T09:55:47.612Z"}
{"level":"info","message":"GET /api/user/portfolio - Success","timestamp":"2025-08-20T09:55:47.712Z"}
{"level":"info","message":"GET /api/admin/dashboard/summary - Success","timestamp":"2025-08-20T09:55:48.286Z"}
{"level":"info","message":"GET /api/user/details - Success","timestamp":"2025-08-20T10:00:33.807Z"}
{"level":"info","message":"GET /api/user/portfolio - Success","timestamp":"2025-08-20T10:00:34.227Z"}
{"level":"info","message":"GET /api/admin/dashboard/summary - Success","timestamp":"2025-08-20T10:00:34.870Z"}
{"level":"info","message":"GET /api/user/details - Success","timestamp":"2025-08-20T10:01:26.782Z"}
{"level":"info","message":"GET /api/user/portfolio - Success","timestamp":"2025-08-20T10:01:27.130Z"}
{"level":"info","message":"GET /api/admin/dashboard/summary - Success","timestamp":"2025-08-20T10:01:27.853Z"}
{"level":"info","message":"GET /api/admin/dashboard/summary - Success","timestamp":"2025-08-20T10:01:44.133Z"}
{"level":"info","message":"GET /api/user/details - Success","timestamp":"2025-08-20T10:02:22.595Z"}
{"level":"info","message":"GET /api/user/portfolio - Success","timestamp":"2025-08-20T10:02:23.044Z"}
{"level":"info","message":"GET /api/user/details - Success","timestamp":"2025-08-20T10:02:44.534Z"}
{"level":"info","message":"GET /api/user/portfolio - Success","timestamp":"2025-08-20T10:02:44.787Z"}
{"level":"info","message":"GET /api/admin/dashboard/summary - Success","timestamp":"2025-08-20T10:02:45.187Z"}
{"level":"info","message":"GET /api/user/details - Success","timestamp":"2025-08-20T10:05:27.568Z"}
{"level":"info","message":"GET /api/user/portfolio - Success","timestamp":"2025-08-20T10:05:28.042Z"}
{"level":"info","message":"GET /api/user/details - Success","timestamp":"2025-08-20T10:05:30.407Z"}
{"level":"info","message":"GET /api/user/portfolio - Success","timestamp":"2025-08-20T10:05:30.530Z"}
{"level":"info","message":"GET /api/admin/dashboard/summary - Success","timestamp":"2025-08-20T10:05:31.221Z"}
{"level":"info","message":"GET /api/user/portfolio - Success","timestamp":"2025-08-20T10:08:31.715Z"}
{"level":"info","message":"GET /api/user/details - Success","timestamp":"2025-08-20T10:08:35.336Z"}
{"level":"info","message":"GET /api/user/portfolio - Success","timestamp":"2025-08-20T10:08:35.448Z"}
{"level":"info","message":"GET /api/user/details - Success","timestamp":"2025-08-20T10:08:36.825Z"}
{"level":"info","message":"GET /api/user/portfolio - Success","timestamp":"2025-08-20T10:08:36.930Z"}
{"level":"info","message":"GET /api/admin/dashboard/summary - Success","timestamp":"2025-08-20T10:08:37.465Z"}
{"level":"info","message":"GET /api/user/details - Success","timestamp":"2025-08-20T10:10:33.552Z"}
{"level":"info","message":"GET /api/user/portfolio - Success","timestamp":"2025-08-20T10:10:33.977Z"}
{"level":"info","message":"GET /api/admin/dashboard/summary - Success","timestamp":"2025-08-20T10:10:34.594Z"}
{"level":"info","message":"GET /api/user/details - Success","timestamp":"2025-08-20T10:21:26.897Z"}
{"level":"info","message":"GET /api/user/portfolio - Success","timestamp":"2025-08-20T10:21:27.333Z"}
{"level":"info","message":"GET /api/user/details - Success","timestamp":"2025-08-20T10:21:29.191Z"}
{"level":"info","message":"GET /api/user/portfolio - Success","timestamp":"2025-08-20T10:21:29.299Z"}
{"level":"info","message":"GET /api/user/details - Success","timestamp":"2025-08-20T10:21:30.955Z"}
{"level":"info","message":"GET /api/user/portfolio - Success","timestamp":"2025-08-20T10:21:31.094Z"}
{"level":"info","message":"GET /api/admin/dashboard/summary - Success","timestamp":"2025-08-20T10:21:31.853Z"}
{"level":"info","message":"GET /api/admin/dashboard/summary - Success","timestamp":"2025-08-20T10:22:01.397Z"}
{"level":"info","message":"GET /api/admin/dashboard/summary - Success","timestamp":"2025-08-20T10:22:46.285Z"}
{"level":"info","message":"GET /api/admin/dashboard/summary - Success","timestamp":"2025-08-20T10:23:48.602Z"}
{"level":"info","message":"GET /api/admin/dashboard/summary - Success","timestamp":"2025-08-20T10:24:46.179Z"}
{"level":"info","message":"GET /api/admin/dashboard/summary - Success","timestamp":"2025-08-20T10:26:09.229Z"}
{"level":"info","message":"GET /api/user/details - Success","timestamp":"2025-08-20T10:32:25.517Z"}
{"level":"info","message":"GET /api/user/portfolio - Success","timestamp":"2025-08-20T10:32:25.864Z"}
{"level":"info","message":"GET /api/admin/dashboard/summary - Success","timestamp":"2025-08-20T10:32:26.592Z"}
{"level":"info","message":"GET /api/user/details - Success","timestamp":"2025-08-20T10:44:43.665Z"}
{"level":"info","message":"GET /api/user/portfolio - Success","timestamp":"2025-08-20T10:44:44.048Z"}
{"level":"info","message":"GET /api/admin/dashboard/summary - Success","timestamp":"2025-08-20T10:44:44.716Z"}
{"level":"info","message":"GET /api/user/details - Success","timestamp":"2025-08-20T10:45:34.984Z"}
{"level":"info","message":"GET /api/user/portfolio - Success","timestamp":"2025-08-20T10:45:35.645Z"}
{"level":"info","message":"GET /api/user/details - Success","timestamp":"2025-08-20T10:46:07.292Z"}
{"level":"info","message":"GET /api/user/portfolio - Success","timestamp":"2025-08-20T10:46:07.670Z"}
{"level":"info","message":"GET /api/user/details - Success","timestamp":"2025-08-20T10:46:35.749Z"}
{"level":"info","message":"GET /api/user/portfolio - Success","timestamp":"2025-08-20T10:46:36.307Z"}
{"level":"info","message":"GET /api/user/details - Success","timestamp":"2025-08-20T10:53:24.436Z"}
{"level":"info","message":"GET /api/user/portfolio - Success","timestamp":"2025-08-20T10:53:24.642Z"}
{"level":"info","message":"GET /api/admin/dashboard/summary - Success","timestamp":"2025-08-20T10:53:24.989Z"}
{"level":"info","message":"GET /api/user/details - Success","timestamp":"2025-08-20T11:55:25.645Z"}
{"level":"info","message":"GET /api/user/portfolio - Success","timestamp":"2025-08-20T11:55:26.043Z"}
{"level":"info","message":"GET /api/user/details - Success","timestamp":"2025-08-20T11:55:36.964Z"}
{"level":"info","message":"GET /api/user/portfolio - Success","timestamp":"2025-08-20T11:55:37.664Z"}
{"level":"info","message":"GET /api/admin/dashboard/summary - Success","timestamp":"2025-08-20T11:55:38.262Z"}
{"level":"info","message":"GET /api/user/details - Success","timestamp":"2025-08-20T13:08:38.872Z"}
{"level":"info","message":"GET /api/user/details - Success","timestamp":"2025-08-20T13:08:58.077Z"}
{"level":"info","message":"GET /api/user/portfolio - Success","timestamp":"2025-08-20T13:08:58.129Z"}
{"level":"info","message":"GET /api/user/details - Success","timestamp":"2025-08-20T18:38:30.554Z"}
{"level":"info","message":"GET /api/user/portfolio - Success","timestamp":"2025-08-20T18:38:33.046Z"}
{"level":"info","message":"GET /api/user/details - Success","timestamp":"2025-08-20T18:54:44.305Z"}
{"level":"info","message":"GET /api/admin/stablecoin-distribution - Success","timestamp":"2025-08-20T18:54:44.906Z"}
{"level":"info","message":"GET /api/user/portfolio - Success","timestamp":"2025-08-20T18:54:44.912Z"}
{"level":"info","message":"GET /api/admin/stablecoin-distribution - Success","timestamp":"2025-08-20T18:54:45.099Z"}
{"level":"info","message":"GET /api/admin/stablecoin-distribution - Success","timestamp":"2025-08-20T18:54:45.580Z"}
{"level":"info","message":"GET /api/admin/stablecoin-distribution - Success","timestamp":"2025-08-20T18:54:45.764Z"}
{"level":"info","message":"GET /api/admin/dashboard/summary - Success","timestamp":"2025-08-20T18:54:48.415Z"}
{"level":"info","message":"GET /api/admin/dashboard/summary - Success","timestamp":"2025-08-20T18:55:09.691Z"}
{"level":"info","message":"GET /api/admin/stablecoin-distribution - Success","timestamp":"2025-08-20T18:56:29.155Z"}
{"level":"info","message":"GET /api/admin/stablecoin-distribution - Success","timestamp":"2025-08-20T18:57:26.074Z"}
{"level":"info","message":"GET /api/admin/dashboard/summary - Success","timestamp":"2025-08-20T18:57:30.255Z"}
{"level":"info","message":"GET /api/admin/dashboard/summary - Success","timestamp":"2025-08-20T18:58:18.394Z"}
{"level":"info","message":"GET /api/admin/dashboard/summary - Success","timestamp":"2025-08-20T18:58:21.474Z"}
{"level":"info","message":"GET /api/admin/dashboard/summary - Success","timestamp":"2025-08-20T18:58:25.233Z"}
{"level":"info","message":"GET /api/admin/dashboard/summary - Success","timestamp":"2025-08-20T18:58:26.554Z"}
{"level":"info","message":"GET /api/admin/dashboard/summary - Success","timestamp":"2025-08-20T18:58:28.754Z"}
{"level":"info","message":"GET /api/user/details - Success","timestamp":"2025-08-20T19:01:11.169Z"}
{"level":"info","message":"GET /api/user/portfolio - Success","timestamp":"2025-08-20T19:01:12.139Z"}
{"level":"info","message":"GET /api/user/details - Success","timestamp":"2025-08-20T19:01:13.478Z"}
{"level":"info","message":"GET /api/admin/stablecoin-distribution - Success","timestamp":"2025-08-20T19:01:13.549Z"}
{"level":"info","message":"GET /api/admin/stablecoin-distribution - Success","timestamp":"2025-08-20T19:01:13.655Z"}
{"level":"info","message":"GET /api/user/portfolio - Success","timestamp":"2025-08-20T19:01:13.865Z"}
{"level":"info","message":"GET /api/admin/stablecoin-distribution - Success","timestamp":"2025-08-20T19:01:14.422Z"}
{"level":"info","message":"GET /api/admin/stablecoin-distribution - Success","timestamp":"2025-08-20T19:01:14.539Z"}
{"level":"info","message":"GET /api/admin/dashboard/summary - Success","timestamp":"2025-08-20T19:01:14.714Z"}
{"level":"info","message":"GET /api/user/details - Success","timestamp":"2025-08-21T14:20:45.053Z"}
{"level":"info","message":"GET /api/user/portfolio - Success","timestamp":"2025-08-21T14:20:45.522Z"}
{"level":"info","message":"GET /api/user/details - Success","timestamp":"2025-08-21T14:25:45.890Z"}
{"level":"info","message":"GET /api/user/portfolio - Success","timestamp":"2025-08-21T14:25:46.325Z"}
{"level":"error","message":"POST /api/auth/login - Error: Invalid email or password.","timestamp":"2025-08-21T14:26:35.181Z"}
{"level":"error","message":"POST /api/auth/login - Error: Invalid email or password.","timestamp":"2025-08-21T14:26:42.035Z"}
{"level":"info","message":"POST /api/auth/login - Success","timestamp":"2025-08-21T14:26:47.318Z"}
{"level":"info","message":"GET /api/user/details - Success","timestamp":"2025-08-21T14:26:48.123Z"}
{"level":"info","message":"GET /api/user/portfolio - Success","timestamp":"2025-08-21T14:26:48.591Z"}
{"level":"info","message":"GET /api/user/details - Success","timestamp":"2025-08-21T14:26:53.669Z"}
{"level":"info","message":"GET /api/v1/recurring-invoice/ - Success","timestamp":"2025-08-21T14:26:53.781Z"}
{"level":"info","message":"GET /api/v1/recurring-invoice/ - Success","timestamp":"2025-08-21T14:26:53.980Z"}
{"level":"info","message":"GET /api/user/portfolio - Success","timestamp":"2025-08-21T14:26:54.082Z"}
{"level":"info","message":"GET /api/v1/recurring-invoice/ - Success","timestamp":"2025-08-21T14:26:54.260Z"}
{"level":"info","message":"GET /api/v1/invoice/ - Success","timestamp":"2025-08-21T14:26:54.273Z"}
{"level":"info","message":"GET /api/v1/invoice/ - Success","timestamp":"2025-08-21T14:26:54.276Z"}
{"level":"info","message":"GET /api/v1/recurring-invoice/ - Success","timestamp":"2025-08-21T14:26:54.408Z"}
{"level":"info","message":"GET /api/v1/invoice/ - Success","timestamp":"2025-08-21T14:26:54.476Z"}
{"level":"info","message":"GET /api/v1/invoice/ - Success","timestamp":"2025-08-21T14:26:54.547Z"}
{"level":"info","message":"GET /api/v1/invoice/ - Success","timestamp":"2025-08-21T14:26:54.818Z"}
{"level":"info","message":"GET /api/v1/invoice/ - Success","timestamp":"2025-08-21T14:26:54.976Z"}
{"level":"info","message":"GET /api/v1/invoice/ - Success","timestamp":"2025-08-21T14:26:55.093Z"}
{"level":"info","message":"GET /api/v1/invoice/ - Success","timestamp":"2025-08-21T14:26:55.207Z"}
{"level":"info","message":"GET /api/user/details - Success","timestamp":"2025-08-21T14:26:56.628Z"}
{"level":"info","message":"GET /api/user/portfolio - Success","timestamp":"2025-08-21T14:26:56.783Z"}
{"level":"info","message":"GET /api/user/details - Success","timestamp":"2025-08-21T14:27:00.784Z"}
{"level":"info","message":"GET /api/user/portfolio - Success","timestamp":"2025-08-21T14:27:00.869Z"}
{"level":"info","message":"POST /api/auth/login - Success","timestamp":"2025-08-21T14:34:24.086Z"}
{"level":"info","message":"GET /api/user/details - Success","timestamp":"2025-08-21T14:34:24.824Z"}
{"level":"info","message":"GET /api/user/portfolio - Success","timestamp":"2025-08-21T14:34:25.554Z"}
{"level":"info","message":"GET /api/user/details - Success","timestamp":"2025-08-21T14:34:29.164Z"}
{"level":"info","message":"GET /api/user/portfolio - Success","timestamp":"2025-08-21T14:34:29.247Z"}
{"level":"info","message":"POST /api/auth/login - Success","timestamp":"2025-08-21T14:37:50.609Z"}
{"level":"info","message":"GET /api/user/details - Success","timestamp":"2025-08-21T14:37:51.312Z"}
{"level":"info","message":"GET /api/user/portfolio - Success","timestamp":"2025-08-21T14:37:52.280Z"}
{"level":"info","message":"GET /api/user/details - Success","timestamp":"2025-08-21T14:40:22.657Z"}
{"level":"info","message":"GET /api/user/portfolio - Success","timestamp":"2025-08-21T14:40:23.029Z"}
{"level":"info","message":"GET /api/user/details - Success","timestamp":"2025-08-21T14:42:01.759Z"}
{"level":"info","message":"GET /api/user/portfolio - Success","timestamp":"2025-08-21T14:42:02.932Z"}
{"level":"info","message":"GET /api/user/details - Success","timestamp":"2025-08-21T14:42:07.502Z"}
{"level":"info","message":"GET /api/user/portfolio - Success","timestamp":"2025-08-21T14:42:08.245Z"}
{"level":"info","message":"GET /api/user/details - Success","timestamp":"2025-08-21T14:47:12.730Z"}
{"level":"info","message":"GET /api/user/portfolio - Success","timestamp":"2025-08-21T14:47:13.659Z"}
{"level":"info","message":"GET /api/user/portfolio - Success","timestamp":"2025-08-21T14:47:39.347Z"}
{"level":"info","message":"GET /api/user/details - Success","timestamp":"2025-08-21T14:47:39.370Z"}
{"level":"info","message":"POST /api/auth/login - Success","timestamp":"2025-08-21T14:52:25.213Z"}
{"level":"info","message":"GET /api/user/details - Success","timestamp":"2025-08-21T14:53:22.702Z"}
{"level":"info","message":"GET /api/user/portfolio - Success","timestamp":"2025-08-21T14:53:22.917Z"}
{"level":"info","message":"POST /api/auth/login - Success","timestamp":"2025-08-21T14:55:10.939Z"}
{"level":"info","message":"GET /api/user/details - Success","timestamp":"2025-08-21T14:57:04.378Z"}
{"level":"info","message":"GET /api/user/portfolio - Success","timestamp":"2025-08-21T14:57:05.097Z"}
{"level":"info","message":"GET /api/user/details - Success","timestamp":"2025-08-21T14:57:11.153Z"}
{"level":"info","message":"GET /api/user/portfolio - Success","timestamp":"2025-08-21T14:57:11.450Z"}
{"level":"info","message":"GET /api/user/details - Success","timestamp":"2025-08-21T14:57:45.813Z"}
{"level":"info","message":"GET /api/user/portfolio - Success","timestamp":"2025-08-21T14:57:46.090Z"}
{"level":"info","message":"GET /api/user/details - Success","timestamp":"2025-08-21T14:57:53.038Z"}
{"level":"info","message":"GET /api/user/portfolio - Success","timestamp":"2025-08-21T14:57:54.373Z"}
{"level":"info","message":"GET /api/user/details - Success","timestamp":"2025-08-21T14:57:59.188Z"}
{"level":"info","message":"GET /api/user/portfolio - Success","timestamp":"2025-08-21T14:57:59.779Z"}
{"level":"info","message":"GET /api/user/details - Success","timestamp":"2025-08-21T14:58:08.588Z"}
{"level":"info","message":"GET /api/user/portfolio - Success","timestamp":"2025-08-21T14:58:09.724Z"}
{"level":"info","message":"POST /api/auth/login - Success","timestamp":"2025-08-21T14:59:33.258Z"}
{"level":"info","message":"POST /api/auth/login - Success","timestamp":"2025-08-21T14:59:56.106Z"}
{"level":"info","message":"POST /api/auth/login - Success","timestamp":"2025-08-21T15:00:48.773Z"}
{"level":"info","message":"GET /api/user/details - Success","timestamp":"2025-08-21T15:01:12.222Z"}
{"level":"info","message":"GET /api/user/portfolio - Success","timestamp":"2025-08-21T15:01:12.343Z"}
{"level":"info","message":"GET /api/user/details - Success","timestamp":"2025-08-21T15:01:14.942Z"}
{"level":"info","message":"GET /api/user/portfolio - Success","timestamp":"2025-08-21T15:01:15.047Z"}
{"level":"info","message":"GET /api/user/details - Success","timestamp":"2025-08-21T15:01:20.542Z"}
{"level":"info","message":"GET /api/user/portfolio - Success","timestamp":"2025-08-21T15:01:20.820Z"}
{"level":"info","message":"POST /api/auth/login - Success","timestamp":"2025-08-21T15:01:36.608Z"}
{"level":"info","message":"GET /api/user/details - Success","timestamp":"2025-08-21T15:03:43.850Z"}
{"level":"info","message":"GET /api/user/portfolio - Success","timestamp":"2025-08-21T15:03:45.581Z"}
{"level":"info","message":"GET /api/user/details - Success","timestamp":"2025-08-21T15:04:00.108Z"}
{"level":"info","message":"GET /api/user/portfolio - Success","timestamp":"2025-08-21T15:04:01.476Z"}
{"level":"info","message":"GET /api/user/details - Success","timestamp":"2025-08-21T15:04:03.517Z"}
{"level":"info","message":"GET /api/user/portfolio - Success","timestamp":"2025-08-21T15:04:03.626Z"}
{"level":"info","message":"GET /api/user/details - Success","timestamp":"2025-08-21T15:04:11.202Z"}
{"level":"info","message":"GET /api/user/portfolio - Success","timestamp":"2025-08-21T15:04:12.248Z"}
{"level":"info","message":"GET /api/user/details - Success","timestamp":"2025-08-21T15:04:23.708Z"}
{"level":"info","message":"GET /api/user/portfolio - Success","timestamp":"2025-08-21T15:04:23.968Z"}
{"level":"info","message":"GET /api/user/details - Success","timestamp":"2025-08-21T15:04:26.035Z"}
{"level":"info","message":"GET /api/user/portfolio - Success","timestamp":"2025-08-21T15:04:26.136Z"}
{"level":"info","message":"POST /api/auth/login - Success","timestamp":"2025-08-21T15:04:43.383Z"}
{"level":"info","message":"POST /api/auth/login - Success","timestamp":"2025-08-21T15:04:49.157Z"}
{"level":"info","message":"GET /api/user/details - Success","timestamp":"2025-08-21T15:05:25.337Z"}
{"level":"info","message":"GET /api/user/portfolio - Success","timestamp":"2025-08-21T15:05:26.679Z"}
{"level":"info","message":"GET /api/user/details - Success","timestamp":"2025-08-21T15:05:33.493Z"}
{"level":"info","message":"GET /api/user/portfolio - Success","timestamp":"2025-08-21T15:05:34.062Z"}
{"level":"info","message":"GET /api/user/details - Success","timestamp":"2025-08-21T15:05:39.996Z"}
{"level":"info","message":"GET /api/user/portfolio - Success","timestamp":"2025-08-21T15:05:40.954Z"}
{"level":"info","message":"GET /api/user/details - Success","timestamp":"2025-08-21T15:05:42.762Z"}
{"level":"info","message":"GET /api/user/portfolio - Success","timestamp":"2025-08-21T15:05:42.856Z"}
{"level":"info","message":"POST /api/auth/login - Success","timestamp":"2025-08-21T15:05:55.298Z"}
{"level":"info","message":"GET /api/user/details - Success","timestamp":"2025-08-21T15:06:41.414Z"}
{"level":"info","message":"GET /api/user/details - Success","timestamp":"2025-08-21T15:06:42.396Z"}
{"level":"info","message":"GET /api/user/portfolio - Success","timestamp":"2025-08-21T15:06:43.089Z"}
{"level":"info","message":"GET /api/user/portfolio - Success","timestamp":"2025-08-21T15:06:44.062Z"}
{"level":"info","message":"POST /api/auth/login - Success","timestamp":"2025-08-21T15:06:52.312Z"}
{"level":"info","message":"GET /api/user/details - Success","timestamp":"2025-08-21T15:06:53.367Z"}
{"level":"info","message":"GET /api/user/portfolio - Success","timestamp":"2025-08-21T15:06:54.131Z"}
{"level":"info","message":"POST /api/auth/login - Success","timestamp":"2025-08-21T15:07:22.309Z"}
{"level":"info","message":"GET /api/user/portfolio - Success","timestamp":"2025-08-21T15:07:23.645Z"}
{"level":"info","message":"GET /api/user/details - Success","timestamp":"2025-08-21T15:07:23.646Z"}
{"level":"info","message":"GET /api/user/details - Success","timestamp":"2025-08-21T15:07:28.344Z"}
{"level":"info","message":"GET /api/user/portfolio - Success","timestamp":"2025-08-21T15:07:29.986Z"}
{"level":"info","message":"GET /api/user/details - Success","timestamp":"2025-08-21T15:07:30.886Z"}
{"level":"info","message":"GET /api/user/portfolio - Success","timestamp":"2025-08-21T15:07:31.492Z"}
{"level":"info","message":"GET /api/user/details - Success","timestamp":"2025-08-21T15:08:10.589Z"}
{"level":"info","message":"GET /api/user/portfolio - Success","timestamp":"2025-08-21T15:08:12.881Z"}
{"level":"info","message":"GET /api/user/details - Success","timestamp":"2025-08-21T15:08:13.621Z"}
{"level":"info","message":"GET /api/user/portfolio - Success","timestamp":"2025-08-21T15:08:14.033Z"}
{"level":"info","message":"GET /api/user/details - Success","timestamp":"2025-08-21T15:08:42.045Z"}
{"level":"info","message":"GET /api/user/details - Success","timestamp":"2025-08-21T15:08:47.030Z"}
{"level":"info","message":"GET /api/user/portfolio - Success","timestamp":"2025-08-21T15:08:48.091Z"}
{"level":"info","message":"GET /api/user/details - Success","timestamp":"2025-08-21T15:08:48.814Z"}
{"level":"info","message":"GET /api/user/portfolio - Success","timestamp":"2025-08-21T15:08:48.931Z"}
{"level":"error","message":"GET /api/user/portfolio - Error: fetch failed","timestamp":"2025-08-21T15:08:52.093Z"}
{"level":"info","message":"GET /api/user/details - Success","timestamp":"2025-08-21T15:08:58.424Z"}
{"level":"info","message":"GET /api/user/portfolio - Success","timestamp":"2025-08-21T15:08:59.244Z"}
{"level":"info","message":"GET /api/user/details - Success","timestamp":"2025-08-21T15:09:01.611Z"}
{"level":"info","message":"GET /api/user/portfolio - Success","timestamp":"2025-08-21T15:09:01.714Z"}
{"level":"info","message":"GET /api/user/details - Success","timestamp":"2025-08-21T15:09:03.608Z"}
{"level":"info","message":"GET /api/user/portfolio - Success","timestamp":"2025-08-21T15:09:04.445Z"}
{"level":"info","message":"GET /api/user/portfolio - Success","timestamp":"2025-08-21T15:09:08.930Z"}
{"level":"info","message":"GET /api/user/details - Success","timestamp":"2025-08-21T15:09:08.955Z"}
{"level":"info","message":"GET /api/user/portfolio - Success","timestamp":"2025-08-21T15:09:09.543Z"}
{"level":"info","message":"GET /api/user/details - Success","timestamp":"2025-08-21T15:09:09.804Z"}
{"level":"info","message":"GET /api/user/details - Success","timestamp":"2025-08-21T15:09:16.215Z"}
{"level":"info","message":"GET /api/user/portfolio - Success","timestamp":"2025-08-21T15:09:18.328Z"}
{"level":"info","message":"GET /api/user/portfolio - Success","timestamp":"2025-08-21T15:09:19.957Z"}
{"level":"info","message":"GET /api/user/details - Success","timestamp":"2025-08-21T15:09:27.927Z"}
{"level":"info","message":"GET /api/user/details - Success","timestamp":"2025-08-21T15:09:56.130Z"}
{"level":"info","message":"GET /api/user/portfolio - Success","timestamp":"2025-08-21T15:09:58.631Z"}
{"level":"info","message":"GET /api/user/details - Success","timestamp":"2025-08-21T15:10:00.543Z"}
{"level":"info","message":"GET /api/user/portfolio - Success","timestamp":"2025-08-21T15:10:00.660Z"}
{"level":"info","message":"GET /api/user/details - Success","timestamp":"2025-08-21T15:10:05.154Z"}
{"level":"info","message":"GET /api/user/portfolio - Success","timestamp":"2025-08-21T15:10:07.395Z"}
{"level":"info","message":"GET /api/user/details - Success","timestamp":"2025-08-21T15:10:12.027Z"}
{"level":"info","message":"GET /api/user/portfolio - Success","timestamp":"2025-08-21T15:10:12.879Z"}
{"level":"info","message":"GET /api/user/details - Success","timestamp":"2025-08-21T15:10:16.140Z"}
{"level":"info","message":"GET /api/user/portfolio - Success","timestamp":"2025-08-21T15:10:16.256Z"}
{"level":"info","message":"GET /api/user/details - Success","timestamp":"2025-08-21T15:10:18.802Z"}
{"level":"info","message":"GET /api/user/portfolio - Success","timestamp":"2025-08-21T15:10:19.925Z"}
{"level":"info","message":"GET /api/user/details - Success","timestamp":"2025-08-21T15:10:31.029Z"}
{"level":"info","message":"GET /api/user/portfolio - Success","timestamp":"2025-08-21T15:10:31.563Z"}
{"level":"info","message":"GET /api/user/details - Success","timestamp":"2025-08-21T15:10:40.539Z"}
{"level":"info","message":"GET /api/user/portfolio - Success","timestamp":"2025-08-21T15:10:41.699Z"}
{"level":"info","message":"GET /api/user/portfolio - Success","timestamp":"2025-08-21T15:10:46.071Z"}
{"level":"info","message":"GET /api/user/details - Success","timestamp":"2025-08-21T15:10:46.914Z"}
{"level":"info","message":"GET /api/user/details - Success","timestamp":"2025-08-21T15:10:47.374Z"}
{"level":"info","message":"GET /api/user/portfolio - Success","timestamp":"2025-08-21T15:10:47.476Z"}
{"level":"info","message":"POST /api/auth/login - Success","timestamp":"2025-08-21T15:10:58.356Z"}
{"level":"info","message":"GET /api/user/details - Success","timestamp":"2025-08-21T15:10:59.731Z"}
{"level":"info","message":"GET /api/user/portfolio - Success","timestamp":"2025-08-21T15:11:01.768Z"}
{"level":"info","message":"POST /api/auth/login - Success","timestamp":"2025-08-21T15:12:17.953Z"}
{"level":"info","message":"GET /api/user/portfolio - Success","timestamp":"2025-08-21T15:12:20.577Z"}
{"level":"info","message":"GET /api/user/details - Success","timestamp":"2025-08-21T15:12:23.446Z"}
{"level":"info","message":"GET /api/admin/stablecoin-distribution - Success","timestamp":"2025-08-21T15:12:26.835Z"}
{"level":"info","message":"GET /api/admin/stablecoin-distribution - Success","timestamp":"2025-08-21T15:12:27.193Z"}
{"level":"info","message":"GET /api/user/portfolio - Success","timestamp":"2025-08-21T15:12:27.650Z"}
{"level":"info","message":"GET /api/user/details - Success","timestamp":"2025-08-21T15:12:27.827Z"}
{"level":"info","message":"GET /api/admin/stablecoin-distribution - Success","timestamp":"2025-08-21T15:12:27.973Z"}
{"level":"info","message":"GET /api/admin/stablecoin-distribution - Success","timestamp":"2025-08-21T15:12:28.285Z"}
{"level":"info","message":"GET /api/admin/dashboard/summary - Success","timestamp":"2025-08-21T15:12:29.243Z"}
{"level":"info","message":"GET /api/user/details - Success","timestamp":"2025-08-21T15:15:00.417Z"}
{"level":"info","message":"GET /api/user/portfolio - Success","timestamp":"2025-08-21T15:15:01.763Z"}
{"level":"info","message":"GET /api/user/details - Success","timestamp":"2025-08-21T16:23:46.238Z"}
{"level":"info","message":"GET /api/user/details - Success","timestamp":"2025-08-21T16:23:47.166Z"}
{"level":"info","message":"GET /api/user/portfolio - Success","timestamp":"2025-08-21T16:23:51.012Z"}
{"level":"info","message":"GET /api/user/portfolio - Success","timestamp":"2025-08-21T16:23:53.345Z"}
{"level":"info","message":"GET /api/user/details - Success","timestamp":"2025-08-21T16:24:00.004Z"}
{"level":"info","message":"GET /api/user/portfolio - Success","timestamp":"2025-08-21T16:24:03.963Z"}
{"level":"info","message":"GET /api/user/portfolio - Success","timestamp":"2025-08-21T16:24:09.733Z"}
{"level":"info","message":"POST /api/auth/login - Success","timestamp":"2025-08-21T16:35:26.956Z"}
{"level":"info","message":"GET /api/user/details - Success","timestamp":"2025-08-21T16:35:28.752Z"}
{"level":"info","message":"GET /api/user/portfolio - Success","timestamp":"2025-08-21T16:35:40.071Z"}
{"level":"info","message":"POST /api/auth/login - Success","timestamp":"2025-08-21T16:52:23.853Z"}
{"level":"info","message":"GET /api/user/details - Success","timestamp":"2025-08-21T16:52:25.733Z"}
{"level":"error","message":"GET /api/user/portfolio - Error: fetch failed","timestamp":"2025-08-21T16:52:36.154Z"}
{"level":"info","message":"GET /api/user/portfolio - Success","timestamp":"2025-08-21T16:52:40.935Z"}
{"level":"info","message":"POST /api/auth/login - Success","timestamp":"2025-08-21T16:57:40.187Z"}
{"level":"info","message":"GET /api/user/details - Success","timestamp":"2025-08-21T16:57:42.081Z"}
{"level":"info","message":"GET /api/user/portfolio - Success","timestamp":"2025-08-21T16:57:42.200Z"}
{"level":"info","message":"GET /api/user/details - Success","timestamp":"2025-08-21T16:59:10.833Z"}
{"level":"info","message":"GET /api/user/portfolio - Success","timestamp":"2025-08-21T16:59:11.948Z"}
{"level":"error","message":"POST /api/wallet/send-funds - Error: Amount to be sent is greater than your balance","timestamp":"2025-08-21T16:59:45.090Z"}
{"level":"info","message":"POST /api/auth/login - Success","timestamp":"2025-08-21T17:00:05.628Z"}
{"level":"info","message":"GET /api/user/details - Success","timestamp":"2025-08-21T17:00:08.185Z"}
{"level":"info","message":"GET /api/user/portfolio - Success","timestamp":"2025-08-21T17:00:10.912Z"}
{"level":"info","message":"POST /api/auth/login - Success","timestamp":"2025-08-21T17:00:58.239Z"}
{"level":"info","message":"GET /api/user/details - Success","timestamp":"2025-08-21T17:00:59.952Z"}
{"level":"info","message":"GET /api/user/portfolio - Success","timestamp":"2025-08-21T17:01:00.044Z"}
{"level":"info","message":"POST /api/auth/login - Success","timestamp":"2025-08-21T17:02:50.694Z"}
{"level":"info","message":"GET /api/user/details - Success","timestamp":"2025-08-21T17:02:52.342Z"}
{"level":"info","message":"GET /api/user/portfolio - Success","timestamp":"2025-08-21T17:02:54.255Z"}
{"level":"info","message":"POST /api/auth/login - Success","timestamp":"2025-08-21T17:05:14.515Z"}
{"level":"info","message":"GET /api/user/details - Success","timestamp":"2025-08-21T17:05:15.776Z"}
{"level":"info","message":"GET /api/user/portfolio - Success","timestamp":"2025-08-21T17:05:19.843Z"}
{"level":"info","message":"POST /api/auth/login - Success","timestamp":"2025-08-21T17:08:10.911Z"}
{"level":"info","message":"GET /api/user/details - Success","timestamp":"2025-08-21T17:08:12.460Z"}
{"level":"info","message":"GET /api/user/portfolio - Success","timestamp":"2025-08-21T17:08:12.574Z"}
{"level":"info","message":"POST /api/auth/login - Success","timestamp":"2025-08-21T17:09:57.418Z"}
{"level":"info","message":"GET /api/user/details - Success","timestamp":"2025-08-21T17:09:59.483Z"}
{"level":"info","message":"GET /api/user/portfolio - Success","timestamp":"2025-08-21T17:10:02.493Z"}
{"level":"info","message":"POST /api/auth/login - Success","timestamp":"2025-08-21T17:12:46.720Z"}
{"level":"info","message":"GET /api/user/details - Success","timestamp":"2025-08-21T17:12:48.180Z"}
{"level":"info","message":"GET /api/user/portfolio - Success","timestamp":"2025-08-21T17:12:49.156Z"}
{"level":"info","message":"POST /api/auth/login - Success","timestamp":"2025-08-21T17:14:03.499Z"}
{"level":"info","message":"GET /api/user/details - Success","timestamp":"2025-08-21T17:14:05.027Z"}
{"level":"info","message":"GET /api/user/portfolio - Success","timestamp":"2025-08-21T17:14:06.405Z"}
{"level":"info","message":"POST /api/auth/login - Success","timestamp":"2025-08-21T17:16:24.570Z"}
{"level":"info","message":"GET /api/user/details - Success","timestamp":"2025-08-21T17:16:25.991Z"}
{"level":"info","message":"GET /api/user/portfolio - Success","timestamp":"2025-08-21T17:16:27.354Z"}
{"level":"info","message":"POST /api/auth/login - Success","timestamp":"2025-08-21T17:18:50.291Z"}
{"level":"info","message":"GET /api/user/details - Success","timestamp":"2025-08-21T17:18:52.049Z"}
{"level":"info","message":"GET /api/user/portfolio - Success","timestamp":"2025-08-21T17:18:54.320Z"}
{"level":"info","message":"POST /api/auth/login - Success","timestamp":"2025-08-21T17:21:48.027Z"}
{"level":"info","message":"GET /api/user/details - Success","timestamp":"2025-08-21T17:21:49.524Z"}
{"level":"info","message":"GET /api/user/portfolio - Success","timestamp":"2025-08-21T17:21:50.476Z"}
{"level":"info","message":"POST /api/auth/login - Success","timestamp":"2025-08-21T17:24:00.424Z"}
{"level":"info","message":"GET /api/user/details - Success","timestamp":"2025-08-21T17:24:01.966Z"}
{"level":"info","message":"GET /api/user/portfolio - Success","timestamp":"2025-08-21T17:24:04.033Z"}
{"level":"info","message":"POST /api/auth/login - Success","timestamp":"2025-08-21T18:03:55.124Z"}
{"level":"info","message":"GET /api/user/details - Success","timestamp":"2025-08-21T18:03:57.062Z"}
{"level":"info","message":"GET /api/user/portfolio - Success","timestamp":"2025-08-21T18:03:58.368Z"}
{"level":"info","message":"POST /api/auth/login - Success","timestamp":"2025-08-21T18:05:17.180Z"}
{"level":"info","message":"GET /api/user/details - Success","timestamp":"2025-08-21T18:05:18.638Z"}
{"level":"info","message":"GET /api/user/portfolio - Success","timestamp":"2025-08-21T18:05:19.960Z"}
